<?xml version="1.0" encoding="UTF-8"?>
<!-- Generated by org.testng.reporters.JUnitXMLReporter -->
<testsuite ignored="0" hostname="LAPTOP-HVV08EUT" failures="0" tests="4" name="Test1" time="14.246" errors="0" timestamp="2025-06-16T11:05:08 IST">
  <testcase classname="testscript.LoginTest" name="verifyUserLoginWithValidCredentials" time="1.363"/>
  <testcase classname="testscript.LoginTest" name="verifyUserLoginWithInvalidUsernameAndValidPassword" time="0.628"/>
  <testcase classname="testscript.LoginTest" name="verifyUserLoginWithValidUsernameAndInvalidPassword" time="0.506"/>
  <testcase classname="testscript.LoginTest" name="verifyUserLoginWithInvalidCredential" time="0.554"/>
</testsuite> <!-- Test1 -->
