<?xml version="1.0" encoding="UTF-8"?>
<!-- Generated by org.testng.reporters.JUnitXMLReporter -->
<testsuite ignored="2" hostname="LAPTOP-HVV08EUT" failures="0" tests="2" name="Test" time="10.092" errors="0" timestamp="2025-06-16T10:52:14 IST">
  <testcase classname="testscript.LoginTest" name="verifyUserLoginWithValidCredentials" time="1.311"/>
  <testcase classname="testscript.LoginTest" name="verifyUserLoginWithInvalidCredential" time="0.628"/>
  <testcase classname="testscript.LoginTest" name="verifyUserLoginWithInvalidUsernameAndValidPassword" time="0.0">
    <ignored/>
  </testcase> <!-- verifyUserLoginWithInvalidUsernameAndValidPassword -->
  <testcase classname="testscript.LoginTest" name="verifyUserLoginWithValidUsernameAndInvalidPassword" time="0.0">
    <ignored/>
  </testcase> <!-- verifyUserLoginWithValidUsernameAndInvalidPassword -->
</testsuite> <!-- Test -->
